2026-05-25 10:05:30 | INFO     | trading_bot.setup_logging:64 | Logging initialized → logs/limit_order_20260525_100530.log
2026-05-25 10:05:30 | INFO     | trading_bot.order:139 | =======================================================
2026-05-25 10:05:30 | INFO     | trading_bot.order:140 |   TRADING BOT - NEW ORDER
2026-05-25 10:05:30 | INFO     | trading_bot.order:141 | =======================================================
2026-05-25 10:05:30 | DEBUG    | trading_bot.validators.validate_symbol:58 | Symbol validated: ETHUSDT
2026-05-25 10:05:30 | DEBUG    | trading_bot.validators.validate_side:85 | Side validated: SELL
2026-05-25 10:05:30 | DEBUG    | trading_bot.validators.validate_order_type:113 | Order type validated: LIMIT
2026-05-25 10:05:30 | DEBUG    | trading_bot.validators.validate_quantity:142 | Quantity validated: 0.01
2026-05-25 10:05:30 | DEBUG    | trading_bot.validators.validate_price:170 | Price validated: 5000.0
2026-05-25 10:05:30 | INFO     | trading_bot.validators.validate_all:251 | All inputs validated successfully: {'symbol': 'ETHUSDT', 'side': 'SELL', 'order_type': 'LIMIT', 'quantity': 0.01, 'price': 5000.0, 'stop_price': None}
2026-05-25 10:05:31 | INFO     | trading_bot.client.__init__:68 | BinanceClient initialized (base_url=https://testnet.binancefuture.com)
2026-05-25 10:05:31 | INFO     | trading_bot.orders.place_order:60 | Placing order: {'symbol': 'ETHUSDT', 'side': 'SELL', 'order_type': 'LIMIT', 'quantity': 0.01, 'price': 5000.0}
2026-05-25 10:05:31 | INFO     | trading_bot.orders._log_order_summary:95 | =======================================================
2026-05-25 10:05:31 | INFO     | trading_bot.orders._log_order_summary:96 |   ORDER REQUEST SUMMARY
2026-05-25 10:05:31 | INFO     | trading_bot.orders._log_order_summary:97 | =======================================================
2026-05-25 10:05:31 | INFO     | trading_bot.orders._log_order_summary:99 |           symbol: ETHUSDT
2026-05-25 10:05:31 | INFO     | trading_bot.orders._log_order_summary:99 |             side: SELL
2026-05-25 10:05:31 | INFO     | trading_bot.orders._log_order_summary:99 |             type: LIMIT
2026-05-25 10:05:31 | INFO     | trading_bot.orders._log_order_summary:99 |         quantity: 0.01
2026-05-25 10:05:31 | INFO     | trading_bot.orders._log_order_summary:99 |            price: 5000.0
2026-05-25 10:05:31 | INFO     | trading_bot.orders._log_order_summary:99 |      timeInForce: GTC
2026-05-25 10:05:31 | INFO     | trading_bot.orders._log_order_summary:100 | -------------------------------------------------------
2026-05-25 10:05:31 | DEBUG    | trading_bot.client._generate_signature:82 | Generated signature for query: symbol=ETHUSDT&side=SELL&type=LIMIT&quantity=0.01&price=5000.0&ti...
2026-05-25 10:05:31 | DEBUG    | trading_bot.client._request:110 | API Request: POST /fapi/v1/order | params={'symbol': 'ETHUSDT', 'side': 'SELL', 'type': 'LIMIT', 'quantity': '0.01', 'price': '5000.0', 'timeInForce': 'GTC', 'timestamp': 1779684331000, 'signature': '***'}
2026-05-25 10:05:32 | DEBUG    | trading_bot.client._request:120 | API Response: status=200 | body={"orderId":5892047163,"symbol":"ETHUSDT","status":"NEW","clientOrderId":"x-R4BD3S82","price":"5000.00","avgPrice":"0.00000","origQty":"0.01","executedQty":"0","cumQuote":"0","timeInForce":"GTC","type":"LIMIT","reduceOnly":false,"closePosition":false,"side":"SELL","positionSide":"BOTH","stopPrice":"0","workingType":"CONTRACT_PRICE","priceProtect":false,"origType":"LIMIT","updateTime":1779684332000}
2026-05-25 10:05:32 | INFO     | trading_bot.orders._log_order_response:105 | =======================================================
2026-05-25 10:05:32 | INFO     | trading_bot.orders._log_order_response:106 |   ORDER RESPONSE
2026-05-25 10:05:32 | INFO     | trading_bot.orders._log_order_response:107 | =======================================================
2026-05-25 10:05:32 | INFO     | trading_bot.orders._log_order_response:119 |         Order ID: 5892047163
2026-05-25 10:05:32 | INFO     | trading_bot.orders._log_order_response:119 |           Symbol: ETHUSDT
2026-05-25 10:05:32 | INFO     | trading_bot.orders._log_order_response:119 |             Side: SELL
2026-05-25 10:05:32 | INFO     | trading_bot.orders._log_order_response:119 |             Type: LIMIT
2026-05-25 10:05:32 | INFO     | trading_bot.orders._log_order_response:119 |           Status: NEW
2026-05-25 10:05:32 | INFO     | trading_bot.orders._log_order_response:119 |         Quantity: 0.01
2026-05-25 10:05:32 | INFO     | trading_bot.orders._log_order_response:119 |     Executed Qty: 0
2026-05-25 10:05:32 | INFO     | trading_bot.orders._log_order_response:119 |            Price: 5000.00
2026-05-25 10:05:32 | INFO     | trading_bot.orders._log_order_response:119 |        Avg Price: 0.00000
2026-05-25 10:05:32 | INFO     | trading_bot.orders._log_order_response:119 |    Time in Force: GTC
2026-05-25 10:05:32 | INFO     | trading_bot.orders._log_order_response:121 | -------------------------------------------------------
2026-05-25 10:05:32 | INFO     | trading_bot.order:196 | Order completed successfully. Status: NEW
